#
# There is insufficient memory for the Java Runtime Environment to continue.
# Native memory allocation (malloc) failed to allocate 1048576 bytes for AllocateHeap
# Possible reasons:
#   The system is out of physical RAM or swap space
#   In 32 bit mode, the process size limit was hit
# Possible solutions:
#   Reduce memory load on the system
#   Increase physical memory or swap space
#   Check if swap backing store is full
#   Use 64 bit Java on a 64 bit OS
#   Decrease Java heap size (-Xmx/-Xms)
#   Decrease number of Java threads
#   Decrease Java thread stack sizes (-Xss)
#   Set larger code cache with -XX:ReservedCodeCacheSize=
# This output file may be truncated or incomplete.
#
#  Out of Memory Error (memory/allocation.inline.hpp:61), pid=2648, tid=0x00000000000017d8
#
# JRE version:  (8.0_152-b16) (build )
# Java VM: Java HotSpot(TM) 64-Bit Server VM (25.152-b16 mixed mode windows-amd64 compressed oops)
# Failed to write core dump. Minidumps are not enabled by default on client versions of Windows
#

---------------  T H R E A D  ---------------

Current thread (0x0000000003568000):  JavaThread "Unknown thread" [_thread_in_vm, id=6104, stack(0x0000000003420000,0x0000000003520000)]

Stack: [0x0000000003420000,0x0000000003520000]
[error occurred during error reporting (printing stack bounds), id 0xc0000005]

Native frames: (J=compiled Java code, j=interpreted, Vv=VM code, C=native code)


---------------  P R O C E S S  ---------------

Java Threads: ( => current thread )

Other Threads:

=>0x0000000003568000 (exited) JavaThread "Unknown thread" [_thread_in_vm, id=6104, stack(0x0000000003420000,0x0000000003520000)]

VM state:not at safepoint (normal execution)

VM Mutex/Monitor currently owned by a thread: None

Heap:
 PSYoungGen      total 75776K, used 1300K [0x000000076bd80000, 0x0000000771200000, 0x00000007c0000000)
  eden space 65024K, 2% used [0x000000076bd80000,0x000000076bec51f8,0x000000076fd00000)
  from space 10752K, 0% used [0x0000000770780000,0x0000000770780000,0x0000000771200000)
  to   space 10752K, 0% used [0x000000076fd00000,0x000000076fd00000,0x0000000770780000)
 ParOldGen       total 173568K, used 0K [0x00000006c3800000, 0x00000006ce180000, 0x000000076bd80000)
  object space 173568K, 0% used [0x00000006c3800000,0x00000006c3800000,0x00000006ce180000)
 Metaspace       used 781K, capacity 4480K, committed 4480K, reserved 1056768K
  class space    used 75K, capacity 384K, committed 384K, reserved 1048576K

Card table byte_map: [0x0000000012c60000,0x0000000013450000] byte_map_base: 0x000000000f644000

Marking Bits: (ParMarkBitMap*) 0x0000000050830860
 Begin Bits: [0x00000000141a0000, 0x00000000180c0000)
 End Bits:   [0x00000000180c0000, 0x000000001bfe0000)

Polling page: 0x0000000001240000

CodeCache: size=245760Kb used=328Kb max_used=328Kb free=245431Kb
 bounds [0x00000000038a0000, 0x0000000003b10000, 0x00000000128a0000]
 total_blobs=58 nmethods=0 adapters=38
 compilation: enabled

Compilation events (0 events):
No events

GC Heap History (0 events):
No events

Deoptimization events (0 events):
No events

Classes redefined (0 events):
No events

Internal exceptions (0 events):
No events

Events (10 events):
Event: 0.172 loading class java/lang/Short
Event: 0.172 loading class java/lang/Short done
Event: 0.172 loading class java/lang/Integer
Event: 0.172 loading class java/lang/Integer done
Event: 0.172 loading class java/lang/Long
Event: 0.172 loading class java/lang/Long done
Event: 0.173 loading class java/lang/NullPointerException
Event: 0.173 loading class java/lang/NullPointerException done
Event: 0.173 loading class java/lang/ArithmeticException
Event: 0.173 loading class java/lang/ArithmeticException done


Dynamic libraries:
0x00007ff683ae0000 - 0x00007ff683b17000 	D:\Java\jdk1.8.0_152\bin\java.exe
0x00007ffbbce60000 - 0x00007ffbbd050000 	C:\Windows\SYSTEM32\ntdll.dll
0x00007ffbbc840000 - 0x00007ffbbc8f2000 	C:\Windows\System32\KERNEL32.DLL
0x00007ffbba040000 - 0x00007ffbba2e5000 	C:\Windows\System32\KERNELBASE.dll
0x00007ffbbb5f0000 - 0x00007ffbbb693000 	C:\Windows\System32\ADVAPI32.dll
0x00007ffbbb0d0000 - 0x00007ffbbb16e000 	C:\Windows\System32\msvcrt.dll
0x00007ffbbaf10000 - 0x00007ffbbafa7000 	C:\Windows\System32\sechost.dll
0x00007ffbbafb0000 - 0x00007ffbbb0cf000 	C:\Windows\System32\RPCRT4.dll
0x00007ffbbb450000 - 0x00007ffbbb5e4000 	C:\Windows\System32\USER32.dll
0x00007ffbba390000 - 0x00007ffbba3b1000 	C:\Windows\System32\win32u.dll
0x00007ffbbc640000 - 0x00007ffbbc666000 	C:\Windows\System32\GDI32.dll
0x00007ffbba3c0000 - 0x00007ffbba558000 	C:\Windows\System32\gdi32full.dll
0x00007ffbba2f0000 - 0x00007ffbba38e000 	C:\Windows\System32\msvcp_win.dll
0x00007ffbba690000 - 0x00007ffbba78a000 	C:\Windows\System32\ucrtbase.dll
0x00007ffb9d250000 - 0x00007ffb9d4d4000 	C:\Windows\WinSxS\amd64_microsoft.windows.common-controls_6595b64144ccf1df_6.0.18362.1440_none_9e7dbfb9e45e8e67\COMCTL32.dll
0x00007ffbbb6d0000 - 0x00007ffbbba06000 	C:\Windows\System32\combase.dll
0x00007ffbb9fb0000 - 0x00007ffbba031000 	C:\Windows\System32\bcryptPrimitives.dll
0x00007ffbbb6a0000 - 0x00007ffbbb6ce000 	C:\Windows\System32\IMM32.DLL
0x0000000051130000 - 0x0000000051202000 	D:\Java\jdk1.8.0_152\jre\bin\msvcr100.dll
0x0000000050010000 - 0x00000000508b0000 	D:\Java\jdk1.8.0_152\jre\bin\server\jvm.dll
0x00007ffbbcb70000 - 0x00007ffbbcb78000 	C:\Windows\System32\PSAPI.DLL
0x00007ffbb1850000 - 0x00007ffbb1874000 	C:\Windows\SYSTEM32\WINMM.dll
0x00007ffbaf780000 - 0x00007ffbaf789000 	C:\Windows\SYSTEM32\WSOCK32.dll
0x00007ffba80a0000 - 0x00007ffba80aa000 	C:\Windows\SYSTEM32\VERSION.dll
0x00007ffbbba70000 - 0x00007ffbbbadf000 	C:\Windows\System32\WS2_32.dll
0x00007ffbb1820000 - 0x00007ffbb184d000 	C:\Windows\SYSTEM32\WINMMBASE.dll
0x00007ffbba560000 - 0x00007ffbba5aa000 	C:\Windows\System32\cfgmgr32.dll
0x0000000051b50000 - 0x0000000051b5f000 	D:\Java\jdk1.8.0_152\jre\bin\verify.dll
0x0000000051100000 - 0x0000000051129000 	D:\Java\jdk1.8.0_152\jre\bin\java.dll
0x00000000510c0000 - 0x00000000510f5000 	D:\Java\jdk1.8.0_152\jre\bin\jdwp.dll
0x00000000510b0000 - 0x00000000510b8000 	D:\Java\jdk1.8.0_152\jre\bin\npt.dll
0x0000000051080000 - 0x00000000510a3000 	D:\Java\jdk1.8.0_152\jre\bin\instrument.dll
0x0000000051840000 - 0x0000000051856000 	D:\Java\jdk1.8.0_152\jre\bin\zip.dll

VM Arguments:
jvm_args: -agentlib:jdwp=transport=dt_socket,address=127.0.0.1:53890,suspend=y,server=n -javaagent:C:\Users\lianj\AppData\Local\JetBrains\IntelliJIdea2020.2\captureAgent\debugger-agent.jar -Dfile.encoding=UTF-8 
java_command: com.hengnan.mq.Producer
java_class_path (initial): D:\Java\jdk1.8.0_152\jre\lib\charsets.jar;D:\Java\jdk1.8.0_152\jre\lib\deploy.jar;D:\Java\jdk1.8.0_152\jre\lib\ext\access-bridge-64.jar;D:\Java\jdk1.8.0_152\jre\lib\ext\cldrdata.jar;D:\Java\jdk1.8.0_152\jre\lib\ext\dnsns.jar;D:\Java\jdk1.8.0_152\jre\lib\ext\jaccess.jar;D:\Java\jdk1.8.0_152\jre\lib\ext\jfxrt.jar;D:\Java\jdk1.8.0_152\jre\lib\ext\localedata.jar;D:\Java\jdk1.8.0_152\jre\lib\ext\nashorn.jar;D:\Java\jdk1.8.0_152\jre\lib\ext\sunec.jar;D:\Java\jdk1.8.0_152\jre\lib\ext\sunjce_provider.jar;D:\Java\jdk1.8.0_152\jre\lib\ext\sunmscapi.jar;D:\Java\jdk1.8.0_152\jre\lib\ext\sunpkcs11.jar;D:\Java\jdk1.8.0_152\jre\lib\ext\zipfs.jar;D:\Java\jdk1.8.0_152\jre\lib\javaws.jar;D:\Java\jdk1.8.0_152\jre\lib\jce.jar;D:\Java\jdk1.8.0_152\jre\lib\jfr.jar;D:\Java\jdk1.8.0_152\jre\lib\jfxswt.jar;D:\Java\jdk1.8.0_152\jre\lib\jsse.jar;D:\Java\jdk1.8.0_152\jre\lib\management-agent.jar;D:\Java\jdk1.8.0_152\jre\lib\plugin.jar;D:\Java\jdk1.8.0_152\jre\lib\resources.jar;D:\Java\jdk1.8.0_152\jre\lib\rt.jar;D:\wisecode\github\scDemo\hnparent\function-one\target\classes;D:\wisecode\github\scDemo\hnparent\common\target\classes;D:\Maven\Repository\joda-time\joda-time\2.9.9\joda-time-2.9.9.jar;D:\Maven\Repository\commons-lang\commons-lang\2.6\commons-lang-2.6.jar;D:\Maven\Repository\commons-io\commons-io\2.5\commons-io-2.5.jar;D:\Maven\Repository\com\alibaba\fastjson\1.2.29.sec06\fastjson-1.2.29.sec06.jar;D:\Maven\Repository\com\belerweb\pinyin4j\2.5.1\pinyin4j-2.5.1.jar;D:\Maven\Repository\org\springframework\boot\spring-boot-starter-data-redis\2.4.0\spring-boot-starter-data-redis-2.4.0.jar;D:\Maven\Repository\org\springframework\data\spring-data-redis\2.4.1\spring-data-redis-2.4.1.jar;D:\Maven\Repository\org\springframework\data\spring-data-keyvalue\2.4.1\spring-data-keyvalue-2.4.1.jar;D:\Maven\Repository\org\springframework\data\spring-data-commons\2.4.1\spring-data-commons-2.4.1.jar;D:\Maven\Repository\org\springframework\spring-tx\5.3.1\spring-tx-5.3.1.jar;D:
Launcher Type: SUN_STANDARD

Environment Variables:
JAVA_HOME=D:\Java\jdk1.8.0_152
CLASSPATH=D:\Java\jdk1.8.0_152\lib;D:\apache-tomcat-8.5.60\lib\servlet-api.jar
PATH=D:\app\lianj\product\11.2.0\dbhome_1\bin;C:\ProgramData\Oracle\Java\javapath;C:\Windows\system32;C:\Windows;C:\Windows\System32\Wbem;C:\Windows\System32\WindowsPowerShell\v1.0\;C:\Windows\System32\OpenSSH\;D:\Java\jdk1.8.0_152\bin;E:\Program Files\Git\cmd;D:\apache-tomcat-8.5.60\bin;D:\apache-tomcat-8.5.60\lib;D:\apache-maven-3.5.4-bin\apache-maven-3.5.4\bin;C:\Program Files (x86)\Microsoft SQL Server\100\Tools\Binn\;C:\Program Files\Microsoft SQL Server\100\Tools\Binn\;C:\Program Files\Microsoft SQL Server\100\DTS\Binn\;C:\Program Files (x86)\Microsoft SQL Server\100\Tools\Binn\VSShell\Common7\IDE\;C:\Program Files (x86)\Microsoft Visual Studio 9.0\Common7\IDE\PrivateAssemblies\;C:\Program Files (x86)\Microsoft SQL Server\100\DTS\Binn\;D:\Program Files (x86)\NetSarang\Xshell 7\;D:\Program Files (x86)\NetSarang\Xftp 7\;E:\Program Files\erl10.7\bin;C:\Users\lianj\AppData\Local\Microsoft\WindowsApps;
USERNAME=lianj
OS=Windows_NT
PROCESSOR_IDENTIFIER=Intel64 Family 6 Model 142 Stepping 12, GenuineIntel



---------------  S Y S T E M  ---------------

OS: Windows 10.0 , 64 bit Build 18362 (10.0.18362.1350)

CPU:total 8 (initial active 8) (4 cores per cpu, 2 threads per core) family 6 model 142 stepping 12, cmov, cx8, fxsr, mmx, sse, sse2, sse3, ssse3, sse4.1, sse4.2, popcnt, avx, avx2, aes, clmul, erms, 3dnowpref, lzcnt, ht, tsc, tscinvbit, bmi1, bmi2, adx

Memory: 4k page, physical 16545392k(3451732k free), swap 33565548k(5624k free)

vm_info: Java HotSpot(TM) 64-Bit Server VM (25.152-b16) for windows-amd64 JRE (1.8.0_152-b16), built on Sep 14 2017 02:29:36 by "java_re" with MS VC++ 10.0 (VS2010)

time: Fri Apr 23 16:05:52 2021
elapsed time: 0 seconds (0d 0h 0m 0s)

